<?xml version="1.0" encoding="UTF-8"?>
<!-- Generated by org.testng.reporters.JUnitReportReporter -->
<testsuite hostname="LAPTOP-90CMDCSF" failures="0" tests="1" name="testCases.TC002_LoginTest" time="2.417" errors="0" timestamp="2024-12-26T20:30:33 EST" skipped="0">
  <testcase classname="testCases.TC002_LoginTest" name="verify_login" time="2.417"/>
</testsuite> <!-- testCases.TC002_LoginTest -->
