<?xml version="1.0" encoding="UTF-8"?>
<!-- Generated by org.testng.reporters.JUnitReportReporter -->
<testsuite hostname="LAPTOP-90CMDCSF" failures="0" tests="1" name="testCases.TC001_AccountRegistrationTest" time="3.589" errors="0" timestamp="2024-12-28T18:35:54 EST" skipped="0">
  <testcase classname="testCases.TC001_AccountRegistrationTest" name="verify_account_registration" time="3.589"/>
</testsuite> <!-- testCases.TC001_AccountRegistrationTest -->
